Sencha Cmd 7.0.0.40 - Crash report
================================================
An error occurred while executing the following command: upgrade workspace

Diagnostic information:
=======================
                         app.archivePath : archive/${build.id}                               
                      app.bootstrap.base : C:\DesenvNovo\dumbbox                             
                       app.bootstrap.css : bootstrap.css                                     
                  app.bootstrap.manifest : ${build.id}.json                                  
               app.bootstrap.microloader : bootstrap.js                                      
   app.builds.classic.sass.generated.src : classic/sass/save                                 
   app.builds.classic.sass.generated.var : classic/sass/save.scss                            
                app.builds.classic.theme : theme-material                                    
              app.builds.classic.toolkit : classic                                           
                        app.cache.deltas : ${build.id}/deltas                                
                        app.cache.enable : false                                             
                   app.classic.js.0.path : C:\DesenvNovo\dumbbox\ext/build/ext-all-rtl-debug.js
                   app.classic.js.length : 1                                                 
                           app.classpath : app,${toolkit.name}/src                           
                         app.classpath.0 : app                                               
                         app.classpath.1 : ${toolkit.name}/src                               
                    app.classpath.length : 2                                                 
                          app.compressor : null                                              
                          app.config.dir : C:\Users\alessandro.nunes\bin\Sencha\Cmd\7.0.0.40\ant\build\app
                app.cordova.cache.enable : false                                             
                   app.cordova.config.id : com.domain.DumbBox                                
                 app.cordova.config.name : DumbBox                                           
                 app.cordova.config.path : C:\DesenvNovo\dumbbox/cordova                     
               app.cordova.config.target :                                                   
              app.cordova.config.verbose : false                                             
                   app.cordova.js.0.path : cordova.js                                        
               app.cordova.js.0.priority : 1000                                              
                 app.cordova.js.0.remote : true                                              
                   app.cordova.js.length : 1                                                 
                 app.cordova.microloader : C:\Users\alessandro.nunes\bin\Sencha\Cmd\7.0.0.40\ant\build\app/Microloader.js
      app.cordova.output.appCache.enable : false                                             
                 app.cordova.output.base : C:\DesenvNovo\dumbbox/cordova/www                 
             app.cordova.output.manifest : ${build.id}.json                                  
                 app.cordova.output.page : index.html                                        
             app.development.watch.delay : 250                                               
                                 app.dir : C:\DesenvNovo\dumbbox                             
              app.fashion.inliner.enable : false                                             
           app.fashion.missingParameters : error                                             
                           app.framework : ext                                               
                                  app.id : 60478841-ebdb-42e8-8f94-fef490725260              
                       app.indexHtmlPath : index.html                                        
                        app.loader.cache : false                                             
                   app.loader.cacheParam : _dc                                               
                                app.name : DumbBox                                           
                           app.namespace : DumbBox                                           
              app.output.appCache.enable : false                                             
                         app.output.base : C:\DesenvNovo\dumbbox/build/${build.environment}/DumbBox
                           app.output.js : ${build.id}/app.js                                
                     app.output.manifest : ${build.id}.json                                  
           app.output.microloader.enable : true                                              
                         app.output.page : index.html                                        
               app.output.resources.path : ${build.id}/resources                             
             app.output.resources.shared : resources                                         
                           app.overrides : overrides,${toolkit.name}/overrides               
                         app.overrides.0 : overrides                                         
                         app.overrides.1 : ${toolkit.name}/overrides                         
                    app.overrides.length : 2                                                 
               app.phonegap.cache.enable : false                                             
                  app.phonegap.config.id : com.domain.DumbBox                                
                app.phonegap.config.name : DumbBox                                           
                app.phonegap.config.path : C:\DesenvNovo\dumbbox/phonegap                    
              app.phonegap.config.remote : false                                             
             app.phonegap.config.verbose : false                                             
                  app.phonegap.js.0.path : cordova.js                                        
              app.phonegap.js.0.priority : 1000                                              
                app.phonegap.js.0.remote : true                                              
                  app.phonegap.js.length : 1                                                 
                app.phonegap.microloader : C:\Users\alessandro.nunes\bin\Sencha\Cmd\7.0.0.40\ant\build\app/Microloader.js
     app.phonegap.output.appCache.enable : false                                             
                app.phonegap.output.base : C:\DesenvNovo\dumbbox/phonegap/www                
            app.phonegap.output.manifest : ${build.id}.json                                  
                app.phonegap.output.page : index.html                                        
             app.production.cache.enable : true                                              
          app.production.compressor.type : yui                                               
             app.production.loader.cache : ${build.timestamp}                                
   app.production.output.appCache.enable : false                                             
     app.production.output.appCache.path : cache.appcache                                    
                        app.sass.dynamic : true                                              
                            app.sass.etc : sass/etc/all.scss,${toolkit.name}/sass/etc/all.scss
                          app.sass.etc.0 : sass/etc/all.scss                                 
                          app.sass.etc.1 : ${toolkit.name}/sass/etc/all.scss                 
                     app.sass.etc.length : 2                                                 
                        app.sass.fashion : true                                              
                      app.sass.namespace : DumbBox                                           
                            app.sass.src : sass/src,${toolkit.name}/sass/src                 
                          app.sass.src.0 : sass/src                                          
                          app.sass.src.1 : ${toolkit.name}/sass/src                          
                     app.sass.src.length : 2                                                 
                            app.sass.var : sass/var/all.scss,sass/var,${toolkit.name}/sass/var/all.scss,${toolkit.name}/sass/var
                          app.sass.var.0 : sass/var/all.scss                                 
                          app.sass.var.1 : sass/var                                          
                          app.sass.var.2 : ${toolkit.name}/sass/var/all.scss                 
                          app.sass.var.3 : ${toolkit.name}/sass/var                          
                     app.sass.var.length : 4                                                 
                 app.slicer.cache.enable : false                                             
        app.slicer.js.0.isWidgetManifest : true                                              
                    app.slicer.js.0.path : C:\DesenvNovo\dumbbox/sass/example/custom.js      
                    app.slicer.js.length : 1                                                 
       app.slicer.output.appCache.enable : false                                             
                             app.version : 1.0.0.0                                           
                    buildenvironment.dir : C:\DesenvNovo\dumbbox                             
               buildenvironment.load.dir : C:\DesenvNovo\dumbbox                             
                          cmd.config.dir : C:\Users\alessandro.nunes\bin\Sencha\Cmd\7.0.0.40 
                                 cmd.dir : C:\Users\alessandro.nunes\bin\Sencha\Cmd\7.0.0.40 
                    cmd.framework.minver : 5.5.0                                             
                   cmd.framework.version : 99.99                                             
              cmd.merge.tool.args.araxis : -wait -merge -3 -a1 {base} {user} {generated} {out}
              cmd.merge.tool.args.kdiff3 : {base} {user} {generated} -o {out}                
             cmd.merge.tool.args.p4merge : {base} {user} {generated} {out}                   
           cmd.merge.tool.args.smartsync : {user} {generated} {base}                         
          cmd.merge.tool.args.sourcegear : --merge --result={out} {user} {base} {generated}  
            cmd.merge.tool.args.tortoise : -base:{base} -theirs:{generated} -mine:{user} -merged:{out}
                              cmd.minver : 3.0.0.0                                           
                            cmd.platform : windows                                           
                     cmd.unicode.escapes : C:\Users\alessandro.nunes\bin\Sencha\Cmd\7.0.0.40/unicode-escapes.json
                             cmd.version : 7.0.0.40                                          
                            cmd.web.port : 1841                                              
                     config.skipDownload : true                                              
                      config.skipInherit : false                                             
                        ext.license.name : commercial                                        
                     framework.build.dir : ${package.output.base}                            
                     framework.classpath : ${package.dir}/src                                
                    framework.cmd.minver : 7.3.0.19                                          
                   framework.cmd.version : 7.3.0.19                                          
                 framework.compatVersion : 7.3.0                                             
                    framework.config.dir : C:\Users\alessandro.nunes\bin\Sencha\Cmd\7.0.0.40\plugins\ext\current
                       framework.creator : Sencha                                            
           framework.detailedDescription : Sencha Ext JS JavaScript Framework                
                           framework.dir : C:\DesenvNovo\dumbbox\ext                         
                  framework.example.apps : admin-dashboard,executive-dashboard,feed-viewer,kitchensink,calendar,classic/desktop,classic/ticket-app,classic/portal,classic/simple-tasks,classic/responsive-app,classic/aria,modern/addressbook,modern/blackberry,modern/energy,modern/stockapp,modern/states,modern/geocongress,modern/oreilly
                framework.example.apps.0 : admin-dashboard                                   
                framework.example.apps.1 : executive-dashboard                               
               framework.example.apps.10 : classic/aria                                      
               framework.example.apps.11 : modern/addressbook                                
               framework.example.apps.12 : modern/blackberry                                 
               framework.example.apps.13 : modern/energy                                     
               framework.example.apps.14 : modern/stockapp                                   
               framework.example.apps.15 : modern/states                                     
               framework.example.apps.16 : modern/geocongress                                
               framework.example.apps.17 : modern/oreilly                                    
                framework.example.apps.2 : feed-viewer                                       
                framework.example.apps.3 : kitchensink                                       
                framework.example.apps.4 : calendar                                          
                framework.example.apps.5 : classic/desktop                                   
                framework.example.apps.6 : classic/ticket-app                                
                framework.example.apps.7 : classic/portal                                    
                framework.example.apps.8 : classic/simple-tasks                              
                framework.example.apps.9 : classic/responsive-app                            
           framework.example.apps.length : 18                                                
                  framework.example.path : examples,templates                                
                framework.example.path.0 : examples                                          
                framework.example.path.1 : templates                                         
           framework.example.path.length : 2                                                 
                        framework.format : 1                                                 
                          framework.isV5 : true                                              
                          framework.isV6 : true                                              
                         framework.isV62 : true                                              
                         framework.isV65 : true                                              
     framework.language.js.input.version : ES5                                               
                          framework.name : ext                                               
                     framework.namespace : Ext                                               
                        framework.output : ${package.dir}/build                              
                     framework.overrides : ${package.dir}/overrides                          
                  framework.packages.dir : C:\DesenvNovo\dumbbox\ext/packages/,C:\DesenvNovo\dumbbox\ext/${toolkit.name}
                framework.resource.paths : resources                                         
              framework.resource.paths.0 : resources                                         
         framework.resource.paths.length : 1                                                 
                      framework.sass.etc : ${package.dir}/sass/etc/all.scss                  
                  framework.sass.fashion : true                                              
                framework.sass.namespace : Ext                                               
                      framework.sass.src : ${package.dir}/sass/src                           
                      framework.sass.var : ${package.dir}/sass/var                           
        framework.signatures.0.algorithm : SHA1withRSA                                       
          framework.signatures.0.created : 2020-09-08T05:39:22Z                              
             framework.signatures.0.name : Sencha                                            
            framework.signatures.0.nonce : lMvYhjWYTSk=                                      
        framework.signatures.0.signature : EvFoERrr6NLNNwzKjtXDwPLrufH3sxg/1VEKd1Sept5JXc2rl5IUbxQh9m94jV+fU0CZwSdZ+RsJgx6iRWQ807TuBhBWwWIcER4WJheBEpEwNLHubY6oL0jd4jX/GAW60UdG9ay0n6dswmOqXvK3z78EysY0uPDgX8mfwkKks75FINhd0XLhoYZetIy5XjPD/eyKXrZuuxDXE+E31psFvL44yZjkN64VTh5bxs7yzWIAdmFxZ5RaDh8R8N9+W6a1ubJwO9h8Y5IF2JjjP1ix106Z12nF6pKPBZfGIy5Bh/qgfm1BvERWo9LYfNucLrv74fZCrGTzv5uqm9WuwzmAvw==
             framework.signatures.0.uuid : 1d6b0d9c-3333-4e65-885f-5b07a1fc3198              
             framework.signatures.length : 1                                                 
                   framework.subpkgs.dir : ${package.dir}                                    
              framework.subpkgs.packages : classic/classic,modern/modern,packages/charts,packages/amf,packages/soap,packages/ux,packages/google,packages/legacy,packages/font-awesome,packages/font-pictos,packages/font-ext
            framework.subpkgs.packages.0 : classic/classic                                   
            framework.subpkgs.packages.1 : modern/modern                                     
           framework.subpkgs.packages.10 : packages/font-ext                                 
            framework.subpkgs.packages.2 : packages/charts                                   
            framework.subpkgs.packages.3 : packages/amf                                      
            framework.subpkgs.packages.4 : packages/soap                                     
            framework.subpkgs.packages.5 : packages/ux                                       
            framework.subpkgs.packages.6 : packages/google                                   
            framework.subpkgs.packages.7 : packages/legacy                                   
            framework.subpkgs.packages.8 : packages/font-awesome                             
            framework.subpkgs.packages.9 : packages/font-pictos                              
       framework.subpkgs.packages.length : 11                                                
                       framework.summary : Ext JS                                            
                          framework.type : framework                                         
                       framework.version : 7.3.0.55                                          
                       inspector.address : http://localhost:1839/                            
                            minimal.mode : true                                              
                    package.sass.dynamic : true                                              
                          repo.local.dir : C:\Users\alessandro.nunes\bin\Sencha\Cmd\repo     
                       shared.sencha.dir : true                                              
        system.java.net.useSystemProxies : true                                              
                          workspace.apps :                                                   
                        workspace.apps.0 :                                                   
                   workspace.apps.length : 1                                                 
                     workspace.build.dir : C:\DesenvNovo\dumbbox/build                       
                    workspace.config.dir : C:\Users\alessandro.nunes\bin\Sencha\Cmd\7.0.0.40\ant\build\workspace
                           workspace.dir : C:\DesenvNovo\dumbbox                             
        workspace.frameworks.ext.package : ext@7.3.0.55                                      
           workspace.frameworks.ext.path : C:\DesenvNovo\dumbbox\ext                         
        workspace.frameworks.ext.version : 7.3.0.55                                          
                  workspace.packages.dir : C:\DesenvNovo\dumbbox/packages/local,C:\DesenvNovo\dumbbox/packages
              workspace.packages.extract : C:\DesenvNovo\dumbbox/packages/remote             

Exception information:
=======================
For input string: "workspace"
     at java.lang.NumberFormatException.forInputString(Unknown Source)
     at java.lang.Integer.parseInt(Unknown Source)
     at java.lang.Integer.parseInt(Unknown Source)
     at com.sencha.util.Version.<init>(Version.java:61)
     at com.sencha.command.UpgradeCommand.resolveBinaryName(UpgradeCommand.java:239)
     at com.sencha.command.UpgradeCommand.execute(UpgradeCommand.java:121)
     at sun.reflect.NativeMethodAccessorImpl.invoke0(Native Method)
     at sun.reflect.NativeMethodAccessorImpl.invoke(Unknown Source)
     at sun.reflect.DelegatingMethodAccessorImpl.invoke(Unknown Source)
     at java.lang.reflect.Method.invoke(Unknown Source)
     at com.sencha.util.MethodInvoker$Arguments.invoke(MethodInvoker.java:175)
     at com.sencha.cli.Command.dispatch(Command.java:43)
     at com.sencha.cli.Commands.dispatch(Commands.java:64)
     at com.sencha.command.Sencha.dispatch(Sencha.java:80)
     at com.sencha.command.Sencha.main(Sencha.java:151)
     at sun.reflect.NativeMethodAccessorImpl.invoke0(Native Method)
     at sun.reflect.NativeMethodAccessorImpl.invoke(Unknown Source)
     at sun.reflect.DelegatingMethodAccessorImpl.invoke(Unknown Source)
     at java.lang.reflect.Method.invoke(Unknown Source)
     at com.exe4j.runtime.LauncherEngine.launch(Unknown Source)
     at com.exe4j.runtime.WinLauncher.main(Unknown Source)
     at com.install4j.runtime.launcher.WinLauncher.main(Unknown Source)

